controller.rb:89: warning: mismatched indentations at 'end' with 'begin' at 64
/home/masia/.rvm/gems/ruby-1.9.2-p290/gems/rack-1.4.1/lib/rack/backports/uri/common_192.rb:20: warning: method redefined; discarding old decode_www_form
/home/masia/.rvm/rubies/ruby-1.9.2-p290/lib/ruby/1.9.1/uri/common.rb:836: warning: previous definition of decode_www_form was here
/home/masia/.rvm/gems/ruby-1.9.2-p290/gems/rack-1.4.1/lib/rack/backports/uri/common_192.rb:32: warning: method redefined; discarding old decode_www_form_component
/home/masia/.rvm/rubies/ruby-1.9.2-p290/lib/ruby/1.9.1/uri/common.rb:761: warning: previous definition of decode_www_form_component was here
/home/masia/.rvm/gems/ruby-1.9.2-p290/gems/sinatra-1.3.2/lib/sinatra/base.rb:1241:in `encoded': warning: URI.escape is obsolete
/home/masia/.rvm/gems/ruby-1.9.2-p290/gems/sinatra-1.3.2/lib/sinatra/base.rb:1242:in `encoded': warning: URI.escape is obsolete
/home/masia/.rvm/gems/ruby-1.9.2-p290/gems/sinatra-1.3.2/lib/sinatra/base.rb:1241:in `encoded': warning: URI.escape is obsolete
/home/masia/.rvm/gems/ruby-1.9.2-p290/gems/sinatra-1.3.2/lib/sinatra/base.rb:1242:in `encoded': warning: URI.escape is obsolete
(eval):1: warning: method redefined; discarding old app_file
/home/masia/.rvm/gems/ruby-1.9.2-p290/gems/sinatra-1.3.2/lib/sinatra/base.rb:987: warning: previous definition of app_file was here
/home/masia/.rvm/gems/ruby-1.9.2-p290/gems/sinatra-1.3.2/lib/sinatra/base.rb:1004: warning: method redefined; discarding old app_file=
/home/masia/.rvm/gems/ruby-1.9.2-p290/gems/sinatra-1.3.2/lib/sinatra/base.rb:986: warning: previous definition of app_file= was here
/home/masia/.rvm/gems/ruby-1.9.2-p290/gems/sinatra-1.3.2/lib/sinatra/base.rb:1004: warning: method redefined; discarding old app_file=
/home/masia/.rvm/gems/ruby-1.9.2-p290/gems/sinatra-1.3.2/lib/sinatra/base.rb:986: warning: previous definition of app_file= was here
/home/masia/.rvm/gems/ruby-1.9.2-p290/gems/sinatra-1.3.2/lib/sinatra/base.rb:1005: warning: method redefined; discarding old app_file
(eval):1: warning: previous definition of app_file was here
/home/masia/.rvm/gems/ruby-1.9.2-p290/gems/sinatra-1.3.2/lib/sinatra/base.rb:1004: warning: method redefined; discarding old run=
/home/masia/.rvm/gems/ruby-1.9.2-p290/gems/sinatra-1.3.2/lib/sinatra/base.rb:986: warning: previous definition of run= was here
/home/masia/.rvm/gems/ruby-1.9.2-p290/gems/sinatra-1.3.2/lib/sinatra/base.rb:1005: warning: method redefined; discarding old run
/home/masia/.rvm/gems/ruby-1.9.2-p290/gems/sinatra-1.3.2/lib/sinatra/base.rb:1583: warning: previous definition of run was here
/home/masia/.rvm/gems/ruby-1.9.2-p290/gems/rack-flash-0.1.2/lib/rack/flash.rb:4: warning: method redefined; discarding old use
/home/masia/.rvm/gems/ruby-1.9.2-p290/gems/rack-1.4.1/lib/rack/builder.rb:77: warning: previous definition of use was here
/home/masia/.rvm/gems/ruby-1.9.2-p290/gems/rack-flash-0.1.2/lib/rack/flash.rb:14: warning: method redefined; discarding old run
/home/masia/.rvm/gems/ruby-1.9.2-p290/gems/rack-1.4.1/lib/rack/builder.rb:99: warning: previous definition of run was here
/home/masia/.rvm/gems/ruby-1.9.2-p290/gems/padrino-core-0.10.5/lib/padrino-core/support_lite.rb:181: warning: method redefined; discarding old clear
/home/masia/.rvm/gems/ruby-1.9.2-p290/gems/activesupport-3.1.3/lib/active_support/core_ext/string/inflections.rb:19: warning: method redefined; discarding old pluralize
/home/masia/.rvm/gems/ruby-1.9.2-p290/gems/padrino-core-0.10.5/lib/padrino-core/support_lite.rb:33: warning: previous definition of pluralize was here
/home/masia/.rvm/gems/ruby-1.9.2-p290/gems/activesupport-3.1.3/lib/active_support/core_ext/string/inflections.rb:31: warning: method redefined; discarding old singularize
/home/masia/.rvm/gems/ruby-1.9.2-p290/gems/padrino-core-0.10.5/lib/padrino-core/support_lite.rb:47: warning: previous definition of singularize was here
/home/masia/.rvm/gems/ruby-1.9.2-p290/gems/activesupport-3.1.3/lib/active_support/core_ext/string/inflections.rb:42: warning: method redefined; discarding old constantize
/home/masia/.rvm/gems/ruby-1.9.2-p290/gems/padrino-core-0.10.5/lib/padrino-core/support_lite.rb:59: warning: previous definition of constantize was here
/home/masia/.rvm/gems/ruby-1.9.2-p290/gems/activesupport-3.1.3/lib/active_support/core_ext/string/inflections.rb:82: warning: method redefined; discarding old underscore
/home/masia/.rvm/gems/ruby-1.9.2-p290/gems/padrino-core-0.10.5/lib/padrino-core/support_lite.rb:71: warning: previous definition of underscore was here
/home/masia/.rvm/gems/ruby-1.9.2-p290/gems/activesupport-3.1.3/lib/active_support/core_ext/string/inflections.rb:140: warning: method redefined; discarding old classify
/home/masia/.rvm/gems/ruby-1.9.2-p290/gems/padrino-core-0.10.5/lib/padrino-core/support_lite.rb:106: warning: previous definition of classify was here
/home/masia/.rvm/gems/ruby-1.9.2-p290/gems/padrino-helpers-0.10.5/lib/padrino-helpers/output_helpers/slim_handler.rb:76: warning: mismatched indentations at 'end' with 'class' at 10
(eval):1: warning: method redefined; discarding old logging
/home/masia/.rvm/gems/ruby-1.9.2-p290/gems/sinatra-1.3.2/lib/sinatra/base.rb:1581: warning: previous definition of logging was here
/home/masia/.rvm/gems/ruby-1.9.2-p290/gems/sinatra-1.3.2/lib/sinatra/base.rb:1004: warning: method redefined; discarding old logging=
/home/masia/.rvm/gems/ruby-1.9.2-p290/gems/sinatra-1.3.2/lib/sinatra/base.rb:986: warning: previous definition of logging= was here
[2012-01-28 13:27:38] INFO  WEBrick 1.3.1
[2012-01-28 13:27:38] INFO  ruby 1.9.2 (2011-07-09) [x86_64-linux]
== Sinatra/1.3.2 has taken the stage on 8000 for development with backup from WEBrick
[2012-01-28 13:27:38] INFO  WEBrick::HTTPServer#start: pid=4509 port=8000
/home/masia/.rvm/gems/ruby-1.9.2-p290/gems/rack-flash-0.1.2/lib/rack/flash.rb:9: warning: instance variable @ins not initialized
[2012-01-28 13:28:16] ERROR NoMethodError: undefined method `<<' for nil:NilClass
	/home/masia/.rvm/gems/ruby-1.9.2-p290/gems/rack-flash-0.1.2/lib/rack/flash.rb:11:in `use'
	/home/masia/.rvm/gems/ruby-1.9.2-p290/gems/sinatra-1.3.2/lib/sinatra/base.rb:1339:in `setup_default_middleware'
	/home/masia/.rvm/gems/ruby-1.9.2-p290/gems/sinatra-1.3.2/lib/sinatra/base.rb:1327:in `build'
	/home/masia/.rvm/gems/ruby-1.9.2-p290/gems/sinatra-1.3.2/lib/sinatra/base.rb:1321:in `new'
	/home/masia/.rvm/gems/ruby-1.9.2-p290/gems/sinatra-1.3.2/lib/sinatra/base.rb:1311:in `prototype'
	/home/masia/.rvm/gems/ruby-1.9.2-p290/gems/sinatra-1.3.2/lib/sinatra/base.rb:1334:in `block in call'
	/home/masia/.rvm/gems/ruby-1.9.2-p290/gems/sinatra-1.3.2/lib/sinatra/base.rb:1416:in `synchronize'
	/home/masia/.rvm/gems/ruby-1.9.2-p290/gems/sinatra-1.3.2/lib/sinatra/base.rb:1334:in `call'
	/home/masia/.rvm/gems/ruby-1.9.2-p290/gems/rack-1.4.1/lib/rack/handler/webrick.rb:59:in `service'
	/home/masia/.rvm/rubies/ruby-1.9.2-p290/lib/ruby/1.9.1/webrick/httpserver.rb:111:in `service'
	/home/masia/.rvm/rubies/ruby-1.9.2-p290/lib/ruby/1.9.1/webrick/httpserver.rb:70:in `run'
	/home/masia/.rvm/rubies/ruby-1.9.2-p290/lib/ruby/1.9.1/webrick/server.rb:183:in `block in start_thread'
localhost - - [28/Jan/2012:13:28:16 MSK] "GET / HTTP/1.1" 500 324
- -> /

== Sinatra has ended his set (crowd applauds)
[2012-01-28 13:30:58] INFO  going to shutdown ...
[2012-01-28 13:30:58] INFO  WEBrick::HTTPServer#start done.
controller.rb:90: warning: mismatched indentations at 'end' with 'begin' at 65
/home/masia/.rvm/gems/ruby-1.9.2-p290/gems/rack-1.4.1/lib/rack/backports/uri/common_192.rb:20: warning: method redefined; discarding old decode_www_form
/home/masia/.rvm/rubies/ruby-1.9.2-p290/lib/ruby/1.9.1/uri/common.rb:836: warning: previous definition of decode_www_form was here
/home/masia/.rvm/gems/ruby-1.9.2-p290/gems/rack-1.4.1/lib/rack/backports/uri/common_192.rb:32: warning: method redefined; discarding old decode_www_form_component
/home/masia/.rvm/rubies/ruby-1.9.2-p290/lib/ruby/1.9.1/uri/common.rb:761: warning: previous definition of decode_www_form_component was here
/home/masia/.rvm/gems/ruby-1.9.2-p290/gems/sinatra-1.3.2/lib/sinatra/base.rb:1241:in `encoded': warning: URI.escape is obsolete
/home/masia/.rvm/gems/ruby-1.9.2-p290/gems/sinatra-1.3.2/lib/sinatra/base.rb:1242:in `encoded': warning: URI.escape is obsolete
/home/masia/.rvm/gems/ruby-1.9.2-p290/gems/sinatra-1.3.2/lib/sinatra/base.rb:1241:in `encoded': warning: URI.escape is obsolete
/home/masia/.rvm/gems/ruby-1.9.2-p290/gems/sinatra-1.3.2/lib/sinatra/base.rb:1242:in `encoded': warning: URI.escape is obsolete
(eval):1: warning: method redefined; discarding old app_file
/home/masia/.rvm/gems/ruby-1.9.2-p290/gems/sinatra-1.3.2/lib/sinatra/base.rb:987: warning: previous definition of app_file was here
/home/masia/.rvm/gems/ruby-1.9.2-p290/gems/sinatra-1.3.2/lib/sinatra/base.rb:1004: warning: method redefined; discarding old app_file=
/home/masia/.rvm/gems/ruby-1.9.2-p290/gems/sinatra-1.3.2/lib/sinatra/base.rb:986: warning: previous definition of app_file= was here
/home/masia/.rvm/gems/ruby-1.9.2-p290/gems/sinatra-1.3.2/lib/sinatra/base.rb:1004: warning: method redefined; discarding old app_file=
/home/masia/.rvm/gems/ruby-1.9.2-p290/gems/sinatra-1.3.2/lib/sinatra/base.rb:986: warning: previous definition of app_file= was here
/home/masia/.rvm/gems/ruby-1.9.2-p290/gems/sinatra-1.3.2/lib/sinatra/base.rb:1005: warning: method redefined; discarding old app_file
(eval):1: warning: previous definition of app_file was here
/home/masia/.rvm/gems/ruby-1.9.2-p290/gems/sinatra-1.3.2/lib/sinatra/base.rb:1004: warning: method redefined; discarding old run=
/home/masia/.rvm/gems/ruby-1.9.2-p290/gems/sinatra-1.3.2/lib/sinatra/base.rb:986: warning: previous definition of run= was here
/home/masia/.rvm/gems/ruby-1.9.2-p290/gems/sinatra-1.3.2/lib/sinatra/base.rb:1005: warning: method redefined; discarding old run
/home/masia/.rvm/gems/ruby-1.9.2-p290/gems/sinatra-1.3.2/lib/sinatra/base.rb:1583: warning: previous definition of run was here
/home/masia/.rvm/gems/ruby-1.9.2-p290/gems/padrino-core-0.10.5/lib/padrino-core/support_lite.rb:181: warning: method redefined; discarding old clear
/home/masia/.rvm/gems/ruby-1.9.2-p290/gems/activesupport-3.1.3/lib/active_support/core_ext/string/inflections.rb:19: warning: method redefined; discarding old pluralize
/home/masia/.rvm/gems/ruby-1.9.2-p290/gems/padrino-core-0.10.5/lib/padrino-core/support_lite.rb:33: warning: previous definition of pluralize was here
/home/masia/.rvm/gems/ruby-1.9.2-p290/gems/activesupport-3.1.3/lib/active_support/core_ext/string/inflections.rb:31: warning: method redefined; discarding old singularize
/home/masia/.rvm/gems/ruby-1.9.2-p290/gems/padrino-core-0.10.5/lib/padrino-core/support_lite.rb:47: warning: previous definition of singularize was here
/home/masia/.rvm/gems/ruby-1.9.2-p290/gems/activesupport-3.1.3/lib/active_support/core_ext/string/inflections.rb:42: warning: method redefined; discarding old constantize
/home/masia/.rvm/gems/ruby-1.9.2-p290/gems/padrino-core-0.10.5/lib/padrino-core/support_lite.rb:59: warning: previous definition of constantize was here
/home/masia/.rvm/gems/ruby-1.9.2-p290/gems/activesupport-3.1.3/lib/active_support/core_ext/string/inflections.rb:82: warning: method redefined; discarding old underscore
/home/masia/.rvm/gems/ruby-1.9.2-p290/gems/padrino-core-0.10.5/lib/padrino-core/support_lite.rb:71: warning: previous definition of underscore was here
/home/masia/.rvm/gems/ruby-1.9.2-p290/gems/activesupport-3.1.3/lib/active_support/core_ext/string/inflections.rb:140: warning: method redefined; discarding old classify
/home/masia/.rvm/gems/ruby-1.9.2-p290/gems/padrino-core-0.10.5/lib/padrino-core/support_lite.rb:106: warning: previous definition of classify was here
/home/masia/.rvm/gems/ruby-1.9.2-p290/gems/padrino-helpers-0.10.5/lib/padrino-helpers/output_helpers/slim_handler.rb:76: warning: mismatched indentations at 'end' with 'class' at 10
(eval):1: warning: method redefined; discarding old logging
/home/masia/.rvm/gems/ruby-1.9.2-p290/gems/sinatra-1.3.2/lib/sinatra/base.rb:1581: warning: previous definition of logging was here
/home/masia/.rvm/gems/ruby-1.9.2-p290/gems/sinatra-1.3.2/lib/sinatra/base.rb:1004: warning: method redefined; discarding old logging=
/home/masia/.rvm/gems/ruby-1.9.2-p290/gems/sinatra-1.3.2/lib/sinatra/base.rb:986: warning: previous definition of logging= was here
[2012-05-27 13:20:00] INFO  WEBrick 1.3.1
[2012-05-27 13:20:00] INFO  ruby 1.9.2 (2011-07-09) [x86_64-linux]
== Sinatra/1.3.2 has taken the stage on 8000 for development with backup from WEBrick
[2012-05-27 13:20:00] INFO  WEBrick::HTTPServer#start: pid=6190 port=8000
/home/masia/.rvm/gems/ruby-1.9.2-p290/gems/padrino-helpers-0.10.5/lib/padrino-helpers/output_helpers.rb:19: warning: instance variable @current_engine not initialized
localhost - - [27/May/2012:13:21:17 MSK] "GET / HTTP/1.1" 200 4152
- -> /
/home/masia/.rvm/gems/ruby-1.9.2-p290/gems/sinatra-1.3.2/lib/sinatra/base.rb:228: warning: loading in progress, circular require considered harmful - /home/masia/.rvm/gems/ruby-1.9.2-p290/gems/rack-1.4.1/lib/rack/file.rb
	from /home/masia/.rvm/rubies/ruby-1.9.2-p290/lib/ruby/1.9.1/webrick/server.rb:183:in `block in start_thread'
	from /home/masia/.rvm/rubies/ruby-1.9.2-p290/lib/ruby/1.9.1/webrick/httpserver.rb:70:in `run'
	from /home/masia/.rvm/rubies/ruby-1.9.2-p290/lib/ruby/1.9.1/webrick/httpserver.rb:111:in `service'
	from /home/masia/.rvm/gems/ruby-1.9.2-p290/gems/rack-1.4.1/lib/rack/handler/webrick.rb:59:in `service'
	from /home/masia/.rvm/gems/ruby-1.9.2-p290/gems/sinatra-1.3.2/lib/sinatra/base.rb:1334:in `call'
	from /home/masia/.rvm/gems/ruby-1.9.2-p290/gems/sinatra-1.3.2/lib/sinatra/base.rb:1416:in `synchronize'
	from /home/masia/.rvm/gems/ruby-1.9.2-p290/gems/sinatra-1.3.2/lib/sinatra/base.rb:1334:in `block in call'
	from /home/masia/.rvm/gems/ruby-1.9.2-p290/gems/sinatra-1.3.2/lib/sinatra/showexceptions.rb:21:in `call'
	from /home/masia/.rvm/gems/ruby-1.9.2-p290/gems/rack-1.4.1/lib/rack/methodoverride.rb:21:in `call'
	from /home/masia/.rvm/gems/ruby-1.9.2-p290/gems/rack-1.4.1/lib/rack/head.rb:9:in `call'
	from /home/masia/.rvm/gems/ruby-1.9.2-p290/gems/rack-1.4.1/lib/rack/logger.rb:15:in `call'
	from /home/masia/.rvm/gems/ruby-1.9.2-p290/gems/rack-1.4.1/lib/rack/session/abstract/id.rb:200:in `call'
	from /home/masia/.rvm/gems/ruby-1.9.2-p290/gems/rack-1.4.1/lib/rack/session/abstract/id.rb:205:in `context'
	from /home/masia/.rvm/gems/ruby-1.9.2-p290/gems/rack-protection-1.2.0/lib/rack/protection/xss_header.rb:22:in `call'
	from /home/masia/.rvm/gems/ruby-1.9.2-p290/gems/rack-protection-1.2.0/lib/rack/protection/base.rb:47:in `call'
	from /home/masia/.rvm/gems/ruby-1.9.2-p290/gems/rack-protection-1.2.0/lib/rack/protection/json_csrf.rb:17:in `call'
	from /home/masia/.rvm/gems/ruby-1.9.2-p290/gems/rack-protection-1.2.0/lib/rack/protection/path_traversal.rb:16:in `call'
	from /home/masia/.rvm/gems/ruby-1.9.2-p290/gems/rack-protection-1.2.0/lib/rack/protection/base.rb:47:in `call'
	from /home/masia/.rvm/gems/ruby-1.9.2-p290/gems/rack-protection-1.2.0/lib/rack/protection/base.rb:47:in `call'
	from /home/masia/.rvm/gems/ruby-1.9.2-p290/gems/rack-protection-1.2.0/lib/rack/protection/xss_header.rb:22:in `call'
	from /home/masia/.rvm/gems/ruby-1.9.2-p290/gems/sinatra-1.3.2/lib/sinatra/base.rb:705:in `call'
	from /home/masia/.rvm/gems/ruby-1.9.2-p290/gems/sinatra-1.3.2/lib/sinatra/base.rb:719:in `call!'
	from /home/masia/.rvm/gems/ruby-1.9.2-p290/gems/sinatra-1.3.2/lib/sinatra/base.rb:871:in `invoke'
	from /home/masia/.rvm/gems/ruby-1.9.2-p290/gems/sinatra-1.3.2/lib/sinatra/base.rb:871:in `catch'
	from /home/masia/.rvm/gems/ruby-1.9.2-p290/gems/sinatra-1.3.2/lib/sinatra/base.rb:871:in `block in invoke'
	from /home/masia/.rvm/gems/ruby-1.9.2-p290/gems/sinatra-1.3.2/lib/sinatra/base.rb:719:in `block in call!'
	from /home/masia/.rvm/gems/ruby-1.9.2-p290/gems/sinatra-1.3.2/lib/sinatra/base.rb:884:in `dispatch!'
	from /home/masia/.rvm/gems/ruby-1.9.2-p290/gems/sinatra-1.3.2/lib/sinatra/base.rb:852:in `static!'
	from /home/masia/.rvm/gems/ruby-1.9.2-p290/gems/sinatra-1.3.2/lib/sinatra/base.rb:228:in `send_file'
/home/masia/.rvm/gems/ruby-1.9.2-p290/gems/sinatra-1.3.2/lib/sinatra/base.rb:228: warning: loading in progress, circular require considered harmful - /home/masia/.rvm/gems/ruby-1.9.2-p290/gems/rack-1.4.1/lib/rack/file.rb
	from /home/masia/.rvm/rubies/ruby-1.9.2-p290/lib/ruby/1.9.1/webrick/server.rb:183:in `block in start_thread'
	from /home/masia/.rvm/rubies/ruby-1.9.2-p290/lib/ruby/1.9.1/webrick/httpserver.rb:70:in `run'
	from /home/masia/.rvm/rubies/ruby-1.9.2-p290/lib/ruby/1.9.1/webrick/httpserver.rb:111:in `service'
	from /home/masia/.rvm/gems/ruby-1.9.2-p290/gems/rack-1.4.1/lib/rack/handler/webrick.rb:59:in `service'
	from /home/masia/.rvm/gems/ruby-1.9.2-p290/gems/sinatra-1.3.2/lib/sinatra/base.rb:1334:in `call'
	from /home/masia/.rvm/gems/ruby-1.9.2-p290/gems/sinatra-1.3.2/lib/sinatra/base.rb:1416:in `synchronize'
	from /home/masia/.rvm/gems/ruby-1.9.2-p290/gems/sinatra-1.3.2/lib/sinatra/base.rb:1334:in `block in call'
	from /home/masia/.rvm/gems/ruby-1.9.2-p290/gems/sinatra-1.3.2/lib/sinatra/showexceptions.rb:21:in `call'
	from /home/masia/.rvm/gems/ruby-1.9.2-p290/gems/rack-1.4.1/lib/rack/methodoverride.rb:21:in `call'
	from /home/masia/.rvm/gems/ruby-1.9.2-p290/gems/rack-1.4.1/lib/rack/head.rb:9:in `call'
	from /home/masia/.rvm/gems/ruby-1.9.2-p290/gems/rack-1.4.1/lib/rack/logger.rb:15:in `call'
	from /home/masia/.rvm/gems/ruby-1.9.2-p290/gems/rack-1.4.1/lib/rack/session/abstract/id.rb:200:in `call'
	from /home/masia/.rvm/gems/ruby-1.9.2-p290/gems/rack-1.4.1/lib/rack/session/abstract/id.rb:205:in `context'
	from /home/masia/.rvm/gems/ruby-1.9.2-p290/gems/rack-protection-1.2.0/lib/rack/protection/xss_header.rb:22:in `call'
	from /home/masia/.rvm/gems/ruby-1.9.2-p290/gems/rack-protection-1.2.0/lib/rack/protection/base.rb:47:in `call'
	from /home/masia/.rvm/gems/ruby-1.9.2-p290/gems/rack-protection-1.2.0/lib/rack/protection/json_csrf.rb:17:in `call'
	from /home/masia/.rvm/gems/ruby-1.9.2-p290/gems/rack-protection-1.2.0/lib/rack/protection/path_traversal.rb:16:in `call'
	from /home/masia/.rvm/gems/ruby-1.9.2-p290/gems/rack-protection-1.2.0/lib/rack/protection/base.rb:47:in `call'
	from /home/masia/.rvm/gems/ruby-1.9.2-p290/gems/rack-protection-1.2.0/lib/rack/protection/base.rb:47:in `call'
	from /home/masia/.rvm/gems/ruby-1.9.2-p290/gems/rack-protection-1.2.0/lib/rack/protection/xss_header.rb:22:in `call'
	from /home/masia/.rvm/gems/ruby-1.9.2-p290/gems/sinatra-1.3.2/lib/sinatra/base.rb:705:in `call'
	from /home/masia/.rvm/gems/ruby-1.9.2-p290/gems/sinatra-1.3.2/lib/sinatra/base.rb:719:in `call!'
	from /home/masia/.rvm/gems/ruby-1.9.2-p290/gems/sinatra-1.3.2/lib/sinatra/base.rb:871:in `invoke'
	from /home/masia/.rvm/gems/ruby-1.9.2-p290/gems/sinatra-1.3.2/lib/sinatra/base.rb:871:in `catch'
	from /home/masia/.rvm/gems/ruby-1.9.2-p290/gems/sinatra-1.3.2/lib/sinatra/base.rb:871:in `block in invoke'
	from /home/masia/.rvm/gems/ruby-1.9.2-p290/gems/sinatra-1.3.2/lib/sinatra/base.rb:719:in `block in call!'
	from /home/masia/.rvm/gems/ruby-1.9.2-p290/gems/sinatra-1.3.2/lib/sinatra/base.rb:884:in `dispatch!'
	from /home/masia/.rvm/gems/ruby-1.9.2-p290/gems/sinatra-1.3.2/lib/sinatra/base.rb:852:in `static!'
	from /home/masia/.rvm/gems/ruby-1.9.2-p290/gems/sinatra-1.3.2/lib/sinatra/base.rb:228:in `send_file'
localhost - - [27/May/2012:13:21:18 MSK] "GET /css/style.css HTTP/1.1" 200 1762
http://localhost:8000/ -> /css/style.css
localhost - - [27/May/2012:13:21:18 MSK] "GET /js/index.js HTTP/1.1" 200 4407
http://localhost:8000/ -> /js/index.js
localhost - - [27/May/2012:13:21:18 MSK] "GET /js/jquery.js HTTP/1.1" 200 91358
http://localhost:8000/ -> /js/jquery.js
/home/masia/.rvm/gems/ruby-1.9.2-p290/gems/sinatra-flash-0.3.0/lib/sinatra/flash.rb:15: warning: instance variable @flash not initialized
localhost - - [27/May/2012:13:21:19 MSK] "GET /favicon.ico HTTP/1.1" 404 28
- -> /favicon.ico
/home/masia/.rvm/gems/ruby-1.9.2-p290/gems/sinatra-flash-0.3.0/lib/sinatra/flash.rb:15: warning: instance variable @flash not initialized
localhost - - [27/May/2012:13:21:19 MSK] "GET /favicon.ico HTTP/1.1" 404 28
- -> /favicon.ico
/home/masia/.rvm/gems/ruby-1.9.2-p290/gems/sinatra-flash-0.3.0/lib/sinatra/flash.rb:15: warning: instance variable @flash not initialized
localhost - - [27/May/2012:13:21:19 MSK] "GET /prepare_data?size=20%2C12.6&filter=dot HTTP/1.1" 200 15
http://localhost:8000/ -> /prepare_data?size=20%2C12.6&filter=dot
